# Possible solutions:
#   Reduce memory load on the system
#   Increase physical memory or swap space
#   Check if swap backing store is full
#   Use 64 bit Java on a 64 bit OS
#   Decrease Java heap size (-Xmx/-Xms)
#   Decrease number of Java threads
#   Decrease Java thread stack sizes (-Xss)
#   Set larger code cache with -XX:ReservedCodeCacheSize=
# This output file may be truncated or incomplete.
#
#  Out of Memory Error (memory/allocation.inline.hpp:61), pid=9752, tid=10172
#
# JRE version: Java(TM) SE Runtime Environment (8.0_91-b14) (build 1.8.0_91-b14)
# Java VM: Java HotSpot(TM) 64-Bit Server VM (25.91-b14 mixed mode windows-amd64 compressed oops)
# Failed to write core dump. Minidumps are not enabled by default on client versions of Windows
#

---------------  T H R E A D  ---------------

Current thread (0x0000000055177000):  JavaThread "Attach Listener" daemon [_thread_in_vm, id=10172, stack(0x0000000056b40000,0x0000000056c40000)]

Stack: [0x0000000056b40000,0x0000000056c40000]
[error occurred during error reporting (printing stack bounds), id 0xc0000005]

Native frames: (J=compiled Java code, j=interpreted, Vv=VM code, C=native code)


---------------  P R O C E S S  ---------------

Java Threads: ( => current thread )
  0x0000000055187800 JavaThread "C1 CompilerThread2" daemon [_thread_new, id=10200, stack(0x0000000000000000,0x0000000000000000)]
  0x0000000055186800 JavaThread "C2 CompilerThread1" daemon [_thread_blocked, id=10180, stack(0x0000000056d00000,0x0000000056e00000)]
  0x0000000055178800 JavaThread "C2 CompilerThread0" daemon [_thread_in_vm, id=10176, stack(0x0000000056a40000,0x0000000056b40000)]
=>0x0000000055177000 JavaThread "Attach Listener" daemon [_thread_in_vm, id=10172, stack(0x0000000056b40000,0x0000000056c40000)]
  0x0000000056448800 JavaThread "Signal Dispatcher" daemon [_thread_blocked, id=10168, stack(0x0000000056880000,0x0000000056980000)]
  0x000000005514d000 JavaThread "Finalizer" daemon [_thread_blocked, id=9924, stack(0x0000000056300000,0x0000000056400000)]
  0x0000000055146000 JavaThread "Reference Handler" daemon [_thread_blocked, id=9912, stack(0x0000000056160000,0x0000000056260000)]
  0x000000000243e000 JavaThread "main" [_thread_in_native, id=9860, stack(0x0000000002700000,0x0000000002800000)]

Other Threads:
  0x0000000055142800 VMThread [stack: 0x0000000055fb0000,0x00000000560b0000] [id=9900]

VM state:not at safepoint (normal execution)

VM Mutex/Monitor currently owned by a thread:  ([mutex/lock_event])
[0x000000000243d040] CompileThread_lock - owner thread: 0x0000000055178800

Heap:
 PSYoungGen      total 36864K, used 1269K [0x00000000eab00000, 0x00000000ed400000, 0x0000000100000000)
  eden space 31744K, 4% used [0x00000000eab00000,0x00000000eac3d760,0x00000000eca00000)
  from space 5120K, 0% used [0x00000000ecf00000,0x00000000ecf00000,0x00000000ed400000)
  to   space 5120K, 0% used [0x00000000eca00000,0x00000000eca00000,0x00000000ecf00000)
 ParOldGen       total 84992K, used 0K [0x00000000c0000000, 0x00000000c5300000, 0x00000000eab00000)
  object space 84992K, 0% used [0x00000000c0000000,0x00000000c0000000,0x00000000c5300000)
 Metaspace       used 2191K, capacity 4480K, committed 4480K, reserved 1056768K
  class space    used 238K, capacity 384K, committed 384K, reserved 1048576K

Card table byte_map: [0x0000000011bc0000,0x0000000011dd0000] byte_map_base: 0x00000000115c0000

Marking Bits: (ParMarkBitMap*) 0x0000000063032f70
 Begin Bits: [0x0000000012590000, 0x0000000013590000)
 End Bits:   [0x0000000013590000, 0x0000000014590000)

Polling page: 0x0000000000430000

CodeCache: size=245760Kb used=434Kb max_used=434Kb free=245325Kb
 bounds [0x0000000002800000, 0x0000000002a70000, 0x0000000011800000]
 total_blobs=165 nmethods=0 adapters=131
 compilation: enabled

Compilation events (0 events):
No events

GC Heap History (0 events):
No events

Deoptimization events (0 events):
No events

Internal exceptions (2 events):
Event: 0.050 Thread 0x000000000243e000 Exception <a 'java/lang/NoSuchMethodError': Method sun.misc.Unsafe.defineClass(Ljava/lang/String;[BII)Ljava/lang/Class; name or signature does not match> (0x00000000eab07cc0) thrown at [C:\re\workspace\8-2-build-windows-amd64-cygwin\jdk8u91\6644\hotspot\srw]Ã_š©?
Event: 0.050 Thread 0x000000000243e000 Exception <a 'java/lang/NoSuchMethodError': Method sun.misc.Unsafe.prefetchRead(Ljava/lang/Object;J)V name or signature does not match> (0x00000000eab07fa8) thrown at [C:\re\workspace\8-2-build-windows-amd64-cygwin\jdk8u91\6644\hotspot\src\share\vm\prims\j

Events (10 events):
Event: 0.350 loading class sun/net/www/protocol/jar/Handler done
Event: 0.352 loading class sun/misc/Launcher$AppClassLoader$1
Event: 0.352 loading class sun/misc/Launcher$AppClassLoader$1 done
Event: 0.353 loading class java/lang/SystemClassLoaderAction
Event: 0.353 loading class java/lang/SystemClassLoaderAction done
Event: 0.353 Thread 0x0000000056448800 Thread added: 0x0000000056448800
Event: 0.353 Thread 0x0000000055177000 Thread added: 0x0000000055177000
Event: 0.353 Thread 0x0000000055178800 Thread added: 0x0000000055178800
Event: 0.353 Thread 0x0000000055186800 Thread added: 0x0000000055186800
Event: 0.355 Thread 0x0000000055187800 Thread added: 0x0000000055187800


Dynamic libraries:
0x000000013fa10000 - 0x000000013fa47000 	
0x0000000077c00000 - 0x0000000077daa000 	
0x00000000779e0000 - 0x0000000077aff000 	
0x000007fefda90000 - 0x000007fefdafa000 	
0x000007feff8d0000 - 0x000007feff9ab000 	
0x000007fefe4d0000 - 0x000007fefe56f000 	
0x000007fefdf90000 - 0x000007fefdfaf000 	
0x000007fefdfc0000 - 0x000007fefe0ed000 	
0x0000000077b00000 - 0x0000000077bfa000 	
0x000007feffa50000 - 0x000007feffab7000 	
0x000007fefdfb0000 - 0x000007fefdfbe000 	
0x000007fefdd40000 - 0x000007fefde0a000 	
0x000007fefc3e0000 - 0x000007fefc5d4000 	
0x000007fefde30000 - 0x000007fefdea1000 	
0x000007feffc50000 - 0x000007feffc7e000 	
0x000007fefe1e0000 - 0x000007fefe2e9000 	
0x00000000625a0000 - 0x0000000062672000 	
0x0000000062820000 - 0x00000000630b3000 	
0x000007feefc30000 - 0x000007feefc39000 	
0x000007feff670000 - 0x000007feff6bd000 	
0x000007fefe0f0000 - 0x000007fefe0f8000 	
0x000007fefb440000 - 0x000007fefb47b000 	
0x000007fefca70000 - 0x000007fefca7c000 	
0x0000000077dc0000 - 0x0000000077dc7000 	
0x0000000070180000 - 0x000000007018f000 	
0x000000006f6c0000 - 0x000000006f6e9000 	
0x000000006f6a0000 - 0x000000006f6b6000 	
0x000007fefe610000 - 0x000007feff399000 	
0x000007feff6c0000 - 0x000007feff8c3000 	
0x000007fefd990000 - 0x000007fefd99f000 	

VM Arguments:
jvm_args: -Djava.awt.headless=true -Xmx1024M -Dfile.encoding=x-windows-949 -Duser.country=KR -Duser.language=ko -Duser.variant 
java_command: com.android.dx.command.Main --dex --force-jumbo --num-threads=4 --multi-dex --output C:\evening_android\BoardApp\app\build\intermediates\transforms\dex\debug\folders\1000\5\slice_0 C:\evening_android\BoardApp\app\build\intermediates\transforms\instantRunSlicer\debug\folders\1\5\slice_0
java_class_path (initial): C:\Users\Administrator\AppData\Local\Android\Sdk\build-tools\23.0.3\lib\dx.jar
Launcher Type: SUN_STANDARD

Environment Variables:



---------------  S Y S T E M  ---------------

OS:Failed to allocate version_info

CPU:total 4 (4 cores per cpu, 1 threads per core) family 6 model 60 stepping 3, cmov, cx8, fxsr, mmx, sse, sse2, sse3, ssse3, sse4.1, sse4.2, popcnt, avx, avx2, aes, clmul, erms, lzcnt, tsc, tscinvbit, bmi1, bmi2

Memory: 4k page, physical 8033320k(447436k free), swap 10128612k(5036k free)

vm_info: Java HotSpot(TM) 64-Bit Server VM (25.91-b14) for windows-amd64 JRE (1.8.0_91-b14), built on Apr  1 2016 00:58:32 by "java_re" with MS VC++ 10.0 (VS2010)

time: Tue Jun 14 19:12:31 2016
elapsed time: 0 seconds (0d 0h 0m 0s)

