#
# There is insufficient memory for the Java Runtime Environment to continue.
# Native memory allocation (malloc) failed to allocate 82736 bytes for Chunk::new
# Possible reasons:
#   The system is out of physical RAM or swap space
#   In 32 bit mode, the process size limit was hit
# Possible solutions:
#   Reduce memory load on the system
#   Increase physical memory or swap space
#   Check if swap backing store is full
#   Use 64 bit Java on a 64 bit OS
#   Decrease Java heap size (-Xmx/-Xms)
#   Decrease number of Java threads
#   Decrease Java thread stack sizes (-Xss)
#   Set larger code cache with -XX:ReservedCodeCacheSize=
# This output file may be truncated or incomplete.
#
#  Out of Memory Error (allocation.cpp:390), pid=5732, tid=8828
#
# JRE version: Java(TM) SE Runtime Environment (8.0_91-b14) (build 1.8.0_91-b14)
# Java VM: Java HotSpot(TM) 64-Bit Server VM (25.91-b14 mixed mode windows-amd64 compressed oops)
# Failed to write core dump. Minidumps are not enabled by default on client versions of Windows
#

---------------  T H R E A D  ---------------

Current thread (0x0000000054f6b800):  JavaThread "C2 CompilerThread0" daemon [_thread_in_native, id=8828, stack(0x0000000056b80000,0x0000000056c80000)]

Stack: [0x0000000056b80000,0x0000000056c80000]
[error occurred during error reporting (printing stack bounds), id 0xc0000005]

Native frames: (J=compiled Java code, j=interpreted, Vv=VM code, C=native code)


Current CompileTask:
C2:   2135 1010       4       com.android.dx.ssa.back.LivenessAnalyzer::handleTailRecursion (94 bytes)


---------------  P R O C E S S  ---------------

Java Threads: ( => current thread )
  0x0000000056626000 JavaThread "pool-2-thread-4" [_thread_blocked, id=9084, stack(0x0000000057790000,0x0000000057890000)]
  0x0000000056625800 JavaThread "pool-2-thread-3" [_thread_in_Java, id=2164, stack(0x00000000575a0000,0x00000000576a0000)]
  0x0000000056622800 JavaThread "pool-2-thread-2" [_thread_in_Java, id=5592, stack(0x0000000057470000,0x0000000057570000)]
  0x0000000056578800 JavaThread "pool-3-thread-1" [_thread_blocked, id=7980, stack(0x0000000057290000,0x0000000057390000)]
  0x000000005656b000 JavaThread "pool-2-thread-1" [_thread_blocked, id=8180, stack(0x0000000057140000,0x0000000057240000)]
  0x00000000563b6800 JavaThread "Service Thread" daemon [_thread_blocked, id=8436, stack(0x0000000056740000,0x0000000056840000)]
  0x00000000563b1000 JavaThread "C1 CompilerThread2" daemon [_thread_blocked, id=4236, stack(0x0000000056d40000,0x0000000056e40000)]
  0x0000000056360000 JavaThread "C2 CompilerThread1" daemon [_thread_in_native, id=7600, stack(0x0000000056020000,0x0000000056120000)]
=>0x0000000054f6b800 JavaThread "C2 CompilerThread0" daemon [_thread_in_native, id=8828, stack(0x0000000056b80000,0x0000000056c80000)]
  0x0000000056349000 JavaThread "Attach Listener" daemon [_thread_blocked, id=8292, stack(0x0000000056a40000,0x0000000056b40000)]
  0x0000000056348800 JavaThread "Signal Dispatcher" daemon [_thread_blocked, id=6232, stack(0x0000000056860000,0x0000000056960000)]
  0x0000000054f49000 JavaThread "Finalizer" daemon [_thread_blocked, id=7948, stack(0x0000000056240000,0x0000000056340000)]
  0x0000000054f02000 JavaThread "Reference Handler" daemon [_thread_blocked, id=7248, stack(0x0000000056130000,0x0000000056230000)]
  0x000000000255e000 JavaThread "main" [_thread_blocked, id=8272, stack(0x00000000026b0000,0x00000000027b0000)]

Other Threads:
  0x0000000054efa800 VMThread [stack: 0x0000000055f10000,0x0000000056010000] [id=8296]
  0x000000005640f800 WatcherThread [stack: 0x0000000056f20000,0x0000000057020000] [id=7324]

VM state:not at safepoint (normal execution)

VM Mutex/Monitor currently owned by a thread:  ([mutex/lock_event])
[0x000000000255c840] Heap_lock - owner thread: 0x000000000255e000

Heap:
 PSYoungGen      total 68608K, used 8208K [0x00000000eab00000, 0x00000000ef300000, 0x0000000100000000)
  eden space 63488K, 4% used [0x00000000eab00000,0x00000000eae0a020,0x00000000ee900000)
  from space 5120K, 99% used [0x00000000eee00000,0x00000000ef2fa3d8,0x00000000ef300000)
  to   space 5120K, 0% used [0x00000000ee900000,0x00000000ee900000,0x00000000eee00000)
 ParOldGen       total 84992K, used 16911K [0x00000000c0000000, 0x00000000c5300000, 0x00000000eab00000)
  object space 84992K, 19% used [0x00000000c0000000,0x00000000c1083e68,0x00000000c5300000)
 Metaspace       used 5649K, capacity 6768K, committed 7040K, reserved 1056768K
  class space    used 582K, capacity 616K, committed 640K, reserved 1048576K

Card table byte_map: [0x0000000011b70000,0x0000000011d80000] byte_map_base: 0x0000000011570000

Marking Bits: (ParMarkBitMap*) 0x0000000063032f70
 Begin Bits: [0x0000000012370000, 0x0000000013370000)
 End Bits:   [0x0000000013370000, 0x0000000014370000)

Polling page: 0x0000000000130000

CodeCache: size=245760Kb used=3682Kb max_used=3694Kb free=242077Kb
 bounds [0x00000000027b0000, 0x0000000002b60000, 0x00000000117b0000]
 total_blobs=1184 nmethods=921 adapters=176
 compilation: enabled

Compilation events (10 events):
Event: 2.048 Thread 0x0000000054f6b800 nmethod 785 0x0000000002b4c510 code [0x0000000002b4c660, 0x0000000002b4c8f8]
Event: 2.048 Thread 0x0000000054f6b800  783  s    4       java.util.Vector::add (39 bytes)
Event: 2.049 Thread 0x0000000056360000 nmethod 965 0x0000000002b4b650 code [0x0000000002b4b7e0, 0x0000000002b4be48]
Event: 2.049 Thread 0x0000000056360000 1006       4       java.util.Collections$UnmodifiableCollection$1::next (10 bytes)
Event: 2.050 Thread 0x0000000054f6b800 nmethod 783 0x0000000002b4e050 code [0x0000000002b4e1a0, 0x0000000002b4e548]
Event: 2.050 Thread 0x0000000054f6b800 1010       4       com.android.dx.ssa.back.LivenessAnalyzer::handleTailRecursion (94 bytes)
Event: 2.050 Thread 0x0000000056360000 nmethod 1006 0x0000000002b4b0d0 code [0x0000000002b4b220, 0x0000000002b4b378]
Event: 2.050 Thread 0x0000000056360000  786  s    4       java.util.Stack::pop (19 bytes)
Event: 2.128 Thread 0x0000000056360000 nmethod 786 0x0000000002b4d990 code [0x0000000002b4dae0, 0x0000000002b4ddb8]
Event: 2.128 Thread 0x0000000056360000 1011       4       com.android.dx.ssa.back.LivenessAnalyzer::liveOutAtStatement (61 bytes)

GC Heap History (4 events):
Event: 1.478 GC heap before
{Heap before GC invocations=1 (full 0):
 PSYoungGen      total 36864K, used 31744K [0x00000000eab00000, 0x00000000ed400000, 0x0000000100000000)
  eden space 31744K, 100% used [0x00000000eab00000,0x00000000eca00000,0x00000000eca00000)
  from space 5120K, 0% used [0x00000000ecf00000,0x00000000ecf00000,0x00000000ed400000)
  to   space 5120K, 0% used [0x00000000eca00000,0x00000000eca00000,0x00000000ecf00000)
 ParOldGen       total 84992K, used 0K [0x00000000c0000000, 0x00000000c5300000, 0x00000000eab00000)
  object space 84992K, 0% used [0x00000000c0000000,0x00000000c0000000,0x00000000c5300000)
 Metaspace       used 5588K, capacity 6704K, committed 6784K, reserved 1056768K
  class space    used 580K, capacity 616K, committed 640K, reserved 1048576K
Event: 1.509 GC heap after
Heap after GC invocations=1 (full 0):
 PSYoungGen      total 36864K, used 5102K [0x00000000eab00000, 0x00000000ef300000, 0x0000000100000000)
  eden space 31744K, 0% used [0x00000000eab00000,0x00000000eab00000,0x00000000eca00000)
  from space 5120K, 99% used [0x00000000eca00000,0x00000000ecefb910,0x00000000ecf00000)
  to   space 5120K, 0% used [0x00000000eee00000,0x00000000eee00000,0x00000000ef300000)
 ParOldGen       total 84992K, used 6894K [0x00000000c0000000, 0x00000000c5300000, 0x00000000eab00000)
  object space 84992K, 8% used [0x00000000c0000000,0x00000000c06bb9c0,0x00000000c5300000)
 Metaspace       used 5588K, capacity 6704K, committed 6784K, reserved 1056768K
  class space    used 580K, capacity 616K, committed 640K, reserved 1048576K
}
Event: 2.052 GC heap before
{Heap before GC invocations=2 (full 0):
 PSYoungGen      total 36864K, used 36846K [0x00000000eab00000, 0x00000000ef300000, 0x0000000100000000)
  eden space 31744K, 100% used [0x00000000eab00000,0x00000000eca00000,0x00000000eca00000)
  from space 5120K, 99% used [0x00000000eca00000,0x00000000ecefb910,0x00000000ecf00000)
  to   space 5120K, 0% used [0x00000000eee00000,0x00000000eee00000,0x00000000ef300000)
 ParOldGen       total 84992K, used 6894K [0x00000000c0000000, 0x00000000c5300000, 0x00000000eab00000)
  object space 84992K, 8% used [0x00000000c0000000,0x00000000c06bb9c0,0x00000000c5300000)
 Metaspace       used 5649K, capacity 6768K, committed 7040K, reserved 1056768K
  class space    used 582K, capacity 616K, committed 640K, reserved 1048576K
Event: 2.128 GC heap after
Heap after GC invocations=2 (full 0):
 PSYoungGen      total 68608K, used 5096K [0x00000000eab00000, 0x00000000ef300000, 0x0000000100000000)
  eden space 63488K, 0% used [0x00000000eab00000,0x00000000eab00000,0x00000000ee900000)
  from space 5120K, 99% used [0x00000000eee00000,0x00000000ef2fa3d8,0x00000000ef300000)
  to   space 5120K, 0% used [0x00000000ee900000,0x00000000ee900000,0x00000000eee00000)
 ParOldGen       total 84992K, used 16911K [0x00000000c0000000, 0x00000000c5300000, 0x00000000eab00000)
  object space 84992K, 19% used [0x00000000c0000000,0x00000000c1083e68,0x00000000c5300000)
 Metaspace       used 5649K, capacity 6768K, committed 7040K, reserved 1056768K
  class space    used 582K, capacity 616K, committed 640K, reserved 1048576K
}

Deoptimization events (10 events):
Event: 0.990 Thread 0x000000000255e000 Uncommon trap: reason=class_check action=maybe_recompile pc=0x00000000029a08e8 method=com.android.dx.rop.type.Type.equals(Ljava/lang/Object;)Z @ 8
Event: 0.991 Thread 0x000000000255e000 Uncommon trap: reason=unstable_if action=reinterpret pc=0x000000000299f0a8 method=com.android.dx.cf.code.Ropper.labelToResultIndex(I)I @ 34
Event: 0.994 Thread 0x000000000255e000 Uncommon trap: reason=null_check action=make_not_entrant pc=0x00000000029ac3b8 method=com.android.dx.ssa.SsaRenamer.getLocalForNewReg(I)Lcom/android/dx/rop/code/LocalItem; @ 19
Event: 0.994 Thread 0x000000000255e000 Uncommon trap: reason=null_check action=make_not_entrant pc=0x00000000029a3a4c method=com.android.dx.ssa.SsaRenamer.getLocalForNewReg(I)Lcom/android/dx/rop/code/LocalItem; @ 19
Event: 1.001 Thread 0x000000000255e000 Uncommon trap: reason=unstable_if action=reinterpret pc=0x00000000029daf28 method=com.android.dx.util.IntList.binarysearch(I)I @ 26
Event: 2.008 Thread 0x000000005656b000 Uncommon trap: reason=bimorphic action=maybe_recompile pc=0x0000000002aac1f8 method=com.android.dx.cf.code.BytecodeArray.parseInstruction(ILcom/android/dx/cf/code/BytecodeArray$Visitor;)I @ 1130
Event: 2.008 Thread 0x000000005656b000 Uncommon trap: reason=bimorphic action=maybe_recompile pc=0x0000000002aabee4 method=com.android.dx.cf.code.BytecodeArray.parseInstruction(ILcom/android/dx/cf/code/BytecodeArray$Visitor;)I @ 907
Event: 2.008 Thread 0x000000005656b000 Uncommon trap: reason=bimorphic action=maybe_recompile pc=0x0000000002aad3d0 method=com.android.dx.cf.code.BytecodeArray.parseInstruction(ILcom/android/dx/cf/code/BytecodeArray$Visitor;)I @ 1224
Event: 2.008 Thread 0x000000005656b000 Uncommon trap: reason=bimorphic action=maybe_recompile pc=0x0000000002aabf64 method=com.android.dx.cf.code.BytecodeArray.parseInstruction(ILcom/android/dx/cf/code/BytecodeArray$Visitor;)I @ 923
Event: 2.008 Thread 0x000000005656b000 Uncommon trap: reason=bimorphic action=maybe_recompile pc=0x0000000002aad3d0 method=com.android.dx.cf.code.BytecodeArray.parseInstruction(ILcom/android/dx/cf/code/BytecodeArray$Visitor;)I @ 1224

Internal exceptions (4 events):
Event: 0.043 Thread 0x000000000255e000 Exception <a 'java/lang/NoSuchMethodError': Method sun.misc.Unsafe.defineClass(Ljava/lang/String;[BII)Ljava/lang/Class; name or signature does not match> (0x00000000eab07cc0) thrown at [C:\re\workspace\8-2-build-windows-amd64-cygwin\jdk8u91\6644\hotspot\srÀ¶ÂªŸú¥?
Event: 0.043 Thread 0x000000000255e000 Exception <a 'java/lang/NoSuchMethodError': Method sun.misc.Unsafe.prefetchRead(Ljava/lang/Object;J)V name or signature does not match> (0x00000000eab07fa8) thrown at [C:\re\workspace\8-2-build-windows-amd64-cygwin\jdk8u91\6644\hotspot\src\share\vm\prims\jYöSDÌï?
Event: 0.994 Thread 0x000000000255e000 Implicit null exception at 0x00000000029ab099 to 0x00000000029ac371
Event: 0.994 Thread 0x000000000255e000 Implicit null exception at 0x00000000029a232c to 0x00000000029a3a31

Events (10 events):
Event: 2.008 Thread 0x000000005656b000 Uncommon trap: trap_request=0xffffffc6 fr.pc=0x0000000002aabf64
Event: 2.008 Thread 0x000000005656b000 DEOPT PACKING pc=0x0000000002aabf64 sp=0x000000005723ecb0
Event: 2.008 Thread 0x000000005656b000 DEOPT UNPACKING pc=0x00000000027f582a sp=0x000000005723ec48 mode 2
Event: 2.008 Thread 0x000000005656b000 Uncommon trap: trap_request=0xffffffc6 fr.pc=0x0000000002aad3d0
Event: 2.008 Thread 0x000000005656b000 DEOPT PACKING pc=0x0000000002aad3d0 sp=0x000000005723ecb0
Event: 2.008 Thread 0x000000005656b000 DEOPT UNPACKING pc=0x00000000027f582a sp=0x000000005723ec48 mode 2
Event: 2.010 Thread 0x000000000255e000 DEOPT PACKING pc=0x0000000002ae0e28 sp=0x00000000027adb10
Event: 2.010 Thread 0x000000000255e000 DEOPT UNPACKING pc=0x00000000027f787f sp=0x00000000027ad900 mode 0
Event: 2.052 Executing VM operation: ParallelGCFailedAllocation
Event: 2.128 Executing VM operation: ParallelGCFailedAllocation done


Dynamic libraries:
0x000000013fa10000 - 0x000000013fa47000 	C:\Program Files\Java\jdk1.8.0_91\bin\java.exe
0x0000000077c00000 - 0x0000000077daa000 	C:\Windows\SYSTEM32\ntdll.dll
0x00000000779e0000 - 0x0000000077aff000 	C:\Windows\system32\kernel32.dll
0x000007fefda90000 - 0x000007fefdafa000 	C:\Windows\system32\KERNELBASE.dll
0x000007feff8d0000 - 0x000007feff9ab000 	C:\Windows\system32\ADVAPI32.dll
0x000007fefe4d0000 - 0x000007fefe56f000 	C:\Windows\system32\msvcrt.dll
0x000007fefdf90000 - 0x000007fefdfaf000 	C:\Windows\SYSTEM32\sechost.dll
0x000007fefdfc0000 - 0x000007fefe0ed000 	C:\Windows\system32\RPCRT4.dll
0x0000000077b00000 - 0x0000000077bfa000 	C:\Windows\system32\USER32.dll
0x000007feffa50000 - 0x000007feffab7000 	C:\Windows\system32\GDI32.dll
0x000007fefdfb0000 - 0x000007fefdfbe000 	C:\Windows\system32\LPK.dll
0x000007fefdd40000 - 0x000007fefde0a000 	C:\Windows\system32\USP10.dll
0x000007fefc3e0000 - 0x000007fefc5d4000 	C:\Windows\WinSxS\amd64_microsoft.windows.common-controls_6595b64144ccf1df_6.0.7601.18837_none_fa3b1e3d17594757\COMCTL32.dll
0x000007fefde30000 - 0x000007fefdea1000 	C:\Windows\system32\SHLWAPI.dll
0x000007feffc50000 - 0x000007feffc7e000 	C:\Windows\system32\IMM32.DLL
0x000007fefe1e0000 - 0x000007fefe2e9000 	C:\Windows\system32\MSCTF.dll
0x00000000625a0000 - 0x0000000062672000 	C:\Program Files\Java\jdk1.8.0_91\jre\bin\msvcr100.dll
0x0000000062820000 - 0x00000000630b3000 	C:\Program Files\Java\jdk1.8.0_91\jre\bin\server\jvm.dll
0x000007feefc30000 - 0x000007feefc39000 	C:\Windows\system32\WSOCK32.dll
0x000007feff670000 - 0x000007feff6bd000 	C:\Windows\system32\WS2_32.dll
0x000007fefe0f0000 - 0x000007fefe0f8000 	C:\Windows\system32\NSI.dll
0x000007fefb440000 - 0x000007fefb47b000 	C:\Windows\system32\WINMM.dll
0x000007fefca70000 - 0x000007fefca7c000 	C:\Windows\system32\VERSION.dll
0x0000000077dc0000 - 0x0000000077dc7000 	C:\Windows\system32\PSAPI.DLL
0x0000000070180000 - 0x000000007018f000 	C:\Program Files\Java\jdk1.8.0_91\jre\bin\verify.dll
0x000000006f6c0000 - 0x000000006f6e9000 	C:\Program Files\Java\jdk1.8.0_91\jre\bin\java.dll
0x000000006f6a0000 - 0x000000006f6b6000 	C:\Program Files\Java\jdk1.8.0_91\jre\bin\zip.dll
0x000007fefe610000 - 0x000007feff399000 	C:\Windows\system32\SHELL32.dll
0x000007feff6c0000 - 0x000007feff8c3000 	C:\Windows\system32\ole32.dll
0x000007fefd990000 - 0x000007fefd99f000 	C:\Windows\system32\profapi.dll

VM Arguments:
jvm_args: -Djava.awt.headless=true -Xmx1024M -Dfile.encoding=x-windows-949 -Duser.country=KR -Duser.language=ko -Duser.variant 
java_command: com.android.dx.command.Main --dex --force-jumbo --num-threads=4 --multi-dex --output C:\evening_android\BoardApp\app\build\intermediates\transforms\dex\debug\folders\1000\5\slice_1 C:\evening_android\BoardApp\app\build\intermediates\transforms\instantRunSlicer\debug\folders\1\5\slice_1
java_class_path (initial): C:\Users\Administrator\AppData\Local\Android\Sdk\build-tools\23.0.3\lib\dx.jar
Launcher Type: SUN_STANDARD

Environment Variables:
JAVA_HOME=C:\Program Files\Java\jdk1.8.0_91
PATH=C:\ProgramData\Oracle\Java\javapath;C:\Windows\system32;C:\Windows;C:\Windows\System32\Wbem;C:\Windows\System32\WindowsPowerShell\v1.0\;C:\Program Files\SCMateClientPro\Shield;C:\Program Files\Java\jdk1.8.0_91\bin;C:\Program Files\Java\jdk1.8.0_91\bin;;C:\Program Files (x86)\MySQL\MySQL Fabric 1.5.4 & MySQL Utilities 1.5.4 1.5\;C:\Program Files (x86)\MySQL\MySQL Fabric 1.5.4 & MySQL Utilities 1.5.4 1.5\Doctrine extensions for PHP\;C:\Program Files\MySQL\MySQL Server 5.5\bin
USERNAME=Administrator
OS=Windows_NT
PROCESSOR_IDENTIFIER=Intel64 Family 6 Model 60 Stepping 3, GenuineIntel



---------------  S Y S T E M  ---------------

OS: Windows 7 , 64 bit Build 7601 (6.1.7601.23418)

CPU:total 4 (4 cores per cpu, 1 threads per core) family 6 model 60 stepping 3, cmov, cx8, fxsr, mmx, sse, sse2, sse3, ssse3, sse4.1, sse4.2, popcnt, avx, avx2, aes, clmul, erms, lzcnt, tsc, tscinvbit, bmi1, bmi2

Memory: 4k page, physical 8033320k(584304k free), swap 10128612k(5128k free)

vm_info: Java HotSpot(TM) 64-Bit Server VM (25.91-b14) for windows-amd64 JRE (1.8.0_91-b14), built on Apr  1 2016 00:58:32 by "java_re" with MS VC++ 10.0 (VS2010)

time: Tue Jun 14 19:08:28 2016
elapsed time: 2 seconds (0d 0h 0m 2s)

