#
# There is insufficient memory for the Java Runtime Environment to continue.
# Native memory allocation (malloc) failed to allocate 32744 bytes for ChunkPool::allocate
# Possible reasons:
#   The system is out of physical RAM or swap space
#   In 32 bit mode, the process size limit was hit
# Possible solutions:
#   Reduce memory load on the system
#   Increase physical memory or swap space
#   Check if swap backing store is full
#   Use 64 bit Java on a 64 bit OS
#   Decrease Java heap size (-Xmx/-Xms)
#   Decrease number of Java threads
#   Decrease Java thread stack sizes (-Xss)
#   Set larger code cache with -XX:ReservedCodeCacheSize=
# This output file may be truncated or incomplete.
#
#  Out of Memory Error (allocation.cpp:273), pid=8520, tid=7448
#
# JRE version: Java(TM) SE Runtime Environment (8.0_91-b14) (build 1.8.0_91-b14)
# Java VM: Java HotSpot(TM) 64-Bit Server VM (25.91-b14 mixed mode windows-amd64 compressed oops)
# Failed to write core dump. Minidumps are not enabled by default on client versions of Windows
#

---------------  T H R E A D  ---------------

Current thread (0x000000005659f000):  JavaThread "C1 CompilerThread2" daemon [_thread_in_native, id=7448, stack(0x00000000569e0000,0x0000000056ae0000)]

Stack: [0x00000000569e0000,0x0000000056ae0000]
[error occurred during error reporting (printing stack bounds), id 0xc0000005]

Native frames: (J=compiled Java code, j=interpreted, Vv=VM code, C=native code)


Current CompileTask:
C1:   1049  796   !   3       com.android.dx.cf.code.Ropper::processBlock (1101 bytes)


---------------  P R O C E S S  ---------------

Java Threads: ( => current thread )
  0x00000000568c3000 JavaThread "pool-2-thread-4" [_thread_blocked, id=7564, stack(0x0000000057b40000,0x0000000057c40000)]
  0x00000000568bf000 JavaThread "pool-2-thread-3" [_thread_in_Java, id=1636, stack(0x0000000057950000,0x0000000057a50000)]
  0x00000000567d7000 JavaThread "pool-2-thread-2" [_thread_blocked, id=7864, stack(0x0000000057330000,0x0000000057430000)]
  0x0000000056771000 JavaThread "pool-3-thread-1" [_thread_blocked, id=8076, stack(0x00000000577b0000,0x00000000578b0000)]
  0x0000000056770800 JavaThread "pool-2-thread-1" [_thread_blocked, id=8724, stack(0x0000000057580000,0x0000000057680000)]
  0x000000005660b000 JavaThread "Service Thread" daemon [_thread_blocked, id=9196, stack(0x0000000057200000,0x0000000057300000)]
=>0x000000005659f000 JavaThread "C1 CompilerThread2" daemon [_thread_in_native, id=7448, stack(0x00000000569e0000,0x0000000056ae0000)]
  0x000000005659e000 JavaThread "C2 CompilerThread1" daemon [_thread_in_native, id=8660, stack(0x0000000057010000,0x0000000057110000)]
  0x000000005520e000 JavaThread "C2 CompilerThread0" daemon [_thread_in_native, id=5124, stack(0x0000000056e60000,0x0000000056f60000)]
  0x000000005658a800 JavaThread "Attach Listener" daemon [_thread_blocked, id=7544, stack(0x0000000056cc0000,0x0000000056dc0000)]
  0x0000000056589800 JavaThread "Signal Dispatcher" daemon [_thread_blocked, id=3668, stack(0x0000000056b20000,0x0000000056c20000)]
  0x00000000551eb000 JavaThread "Finalizer" daemon [_thread_blocked, id=8696, stack(0x0000000056480000,0x0000000056580000)]
  0x00000000551a2000 JavaThread "Reference Handler" daemon [_thread_blocked, id=8584, stack(0x00000000562b0000,0x00000000563b0000)]
  0x000000000246e000 JavaThread "main" [_thread_in_native, id=1564, stack(0x00000000026a0000,0x00000000027a0000)]

Other Threads:
  0x000000005519a800 VMThread [stack: 0x0000000056190000,0x0000000056290000] [id=3648]
  0x0000000056616000 WatcherThread [stack: 0x0000000057460000,0x0000000057560000] [id=6796]

VM state:not at safepoint (normal execution)

VM Mutex/Monitor currently owned by a thread: None

Heap:
 PSYoungGen      total 36864K, used 27306K [0x00000000eab00000, 0x00000000ed400000, 0x0000000100000000)
  eden space 31744K, 86% used [0x00000000eab00000,0x00000000ec5aa9b0,0x00000000eca00000)
  from space 5120K, 0% used [0x00000000ecf00000,0x00000000ecf00000,0x00000000ed400000)
  to   space 5120K, 0% used [0x00000000eca00000,0x00000000eca00000,0x00000000ecf00000)
 ParOldGen       total 84992K, used 0K [0x00000000c0000000, 0x00000000c5300000, 0x00000000eab00000)
  object space 84992K, 0% used [0x00000000c0000000,0x00000000c0000000,0x00000000c5300000)
 Metaspace       used 5646K, capacity 6768K, committed 7040K, reserved 1056768K
  class space    used 581K, capacity 616K, committed 640K, reserved 1048576K

Card table byte_map: [0x0000000011b60000,0x0000000011d70000] byte_map_base: 0x0000000011560000

Marking Bits: (ParMarkBitMap*) 0x0000000060ab2f70
 Begin Bits: [0x0000000012610000, 0x0000000013610000)
 End Bits:   [0x0000000013610000, 0x0000000014610000)

Polling page: 0x00000000001d0000

CodeCache: size=245760Kb used=3013Kb max_used=3024Kb free=242747Kb
 bounds [0x00000000027a0000, 0x0000000002aa0000, 0x00000000117a0000]
 total_blobs=1026 nmethods=763 adapters=176
 compilation: enabled

Compilation events (10 events):
Event: 0.970 Thread 0x000000005659f000 nmethod 782 0x0000000002a90950 code [0x0000000002a90b20, 0x0000000002a910a8]
Event: 0.970 Thread 0x000000005659f000  783       3       java.util.AbstractList::clear (10 bytes)
Event: 0.970 Thread 0x000000005659f000 nmethod 783 0x0000000002a94790 code [0x0000000002a94900, 0x0000000002a94bd8]
Event: 0.970 Thread 0x000000005659f000  784       3       java.util.ArrayList$SubList::removeRange (47 bytes)
Event: 0.971 Thread 0x000000005659f000 nmethod 784 0x0000000002a94090 code [0x0000000002a94220, 0x0000000002a94598]
Event: 0.971 Thread 0x000000005659f000  796   !   3       com.android.dx.cf.code.Ropper::processBlock (1101 bytes)
Event: 0.971 Thread 0x000000005659e000 nmethod 751 0x0000000002a926d0 code [0x0000000002a92820, 0x0000000002a92a78]
Event: 0.971 Thread 0x000000005659e000  759       4       java.util.ArrayList::<init> (12 bytes)
Event: 0.972 Thread 0x000000005659e000 nmethod 759 0x0000000002a94c90 code [0x0000000002a94dc0, 0x0000000002a94e38]
Event: 0.972 Thread 0x000000005659e000  749       4       java.util.BitSet::clear (70 bytes)

GC Heap History (0 events):
No events

Deoptimization events (2 events):
Event: 0.624 Thread 0x00000000568bf000 Uncommon trap: reason=unstable_if action=reinterpret pc=0x00000000029528a8 method=java.util.HashMap.getNode(ILjava/lang/Object;)Ljava/util/HashMap$Node; @ 62
Event: 0.649 Thread 0x0000000056770800 Uncommon trap: reason=unstable_if action=reinterpret pc=0x0000000002978120 method=java.util.BitSet.nextSetBit(I)I @ 87

Internal exceptions (2 events):
Event: 0.023 Thread 0x000000000246e000 Exception <a 'java/lang/NoSuchMethodError': Method sun.misc.Unsafe.defineClass(Ljava/lang/String;[BII)Ljava/lang/Class; name or signature does not match> (0x00000000eab07cc0) thrown at [C:\re\workspace\8-2-build-windows-amd64-cygwin\jdk8u91\6644\hotspot\sr„[×Ö‹Ö—?
Event: 0.023 Thread 0x000000000246e000 Exception <a 'java/lang/NoSuchMethodError': Method sun.misc.Unsafe.prefetchRead(Ljava/lang/Object;J)V name or signature does not match> (0x00000000eab07fa8) thrown at [C:\re\workspace\8-2-build-windows-amd64-cygwin\jdk8u91\6644\hotspot\src\share\vm\prims\j

Events (10 events):
Event: 0.929 Executing VM operation: ForceSafepoint
Event: 0.929 Executing VM operation: ForceSafepoint done
Event: 0.933 loading class java/util/ArrayList$1
Event: 0.933 loading class java/util/ArrayList$1 done
Event: 0.936 Thread 0x00000000568c3000 DEOPT PACKING pc=0x00000000029be03a sp=0x0000000057c3ebd0
Event: 0.936 Thread 0x00000000568c3000 DEOPT UNPACKING pc=0x00000000027e787f sp=0x0000000057c3e948 mode 0
Event: 0.942 Thread 0x00000000567d7000 DEOPT PACKING pc=0x00000000029be03a sp=0x000000005742ed10
Event: 0.942 Thread 0x00000000567d7000 DEOPT UNPACKING pc=0x00000000027e787f sp=0x000000005742ea88 mode 0
Event: 0.950 Thread 0x000000000246e000 DEOPT PACKING pc=0x00000000029be03a sp=0x000000000279e0f0
Event: 0.950 Thread 0x000000000246e000 DEOPT UNPACKING pc=0x00000000027e787f sp=0x000000000279de68 mode 0


Dynamic libraries:
0x000000013f730000 - 0x000000013f767000 	C:\Program Files\Java\jdk1.8.0_91\bin\java.exe
0x0000000077990000 - 0x0000000077b3a000 	C:\Windows\SYSTEM32\ntdll.dll
0x0000000077770000 - 0x000000007788f000 	C:\Windows\system32\kernel32.dll
0x000007fefd990000 - 0x000007fefd9fa000 	C:\Windows\system32\KERNELBASE.dll
0x000007fefe950000 - 0x000007fefea2b000 	C:\Windows\system32\ADVAPI32.dll
0x000007feff520000 - 0x000007feff5bf000 	C:\Windows\system32\msvcrt.dll
0x000007fefdba0000 - 0x000007fefdbbf000 	C:\Windows\SYSTEM32\sechost.dll
0x000007feff1e0000 - 0x000007feff30d000 	C:\Windows\system32\RPCRT4.dll
0x0000000077890000 - 0x000000007798a000 	C:\Windows\system32\USER32.dll
0x000007feffc30000 - 0x000007feffc97000 	C:\Windows\system32\GDI32.dll
0x000007feffc20000 - 0x000007feffc2e000 	C:\Windows\system32\LPK.dll
0x000007feff090000 - 0x000007feff15a000 	C:\Windows\system32\USP10.dll
0x000007fefc170000 - 0x000007fefc364000 	C:\Windows\WinSxS\amd64_microsoft.windows.common-controls_6595b64144ccf1df_6.0.7601.18837_none_fa3b1e3d17594757\COMCTL32.dll
0x000007feff160000 - 0x000007feff1d1000 	C:\Windows\system32\SHLWAPI.dll
0x000007fefdaf0000 - 0x000007fefdb1e000 	C:\Windows\system32\IMM32.DLL
0x000007feff930000 - 0x000007feffa39000 	C:\Windows\system32\MSCTF.dll
0x000000005fc40000 - 0x000000005fd12000 	C:\Program Files\Java\jdk1.8.0_91\jre\bin\msvcr100.dll
0x00000000602a0000 - 0x0000000060b33000 	C:\Program Files\Java\jdk1.8.0_91\jre\bin\server\jvm.dll
0x000007fef8ca0000 - 0x000007fef8ca9000 	C:\Windows\system32\WSOCK32.dll
0x000007fefec60000 - 0x000007fefecad000 	C:\Windows\system32\WS2_32.dll
0x000007fefef40000 - 0x000007fefef48000 	C:\Windows\system32\NSI.dll
0x000007fefa890000 - 0x000007fefa8cb000 	C:\Windows\system32\WINMM.dll
0x000007fefc800000 - 0x000007fefc80c000 	C:\Windows\system32\VERSION.dll
0x0000000077b50000 - 0x0000000077b57000 	C:\Windows\system32\PSAPI.DLL
0x0000000060290000 - 0x000000006029f000 	C:\Program Files\Java\jdk1.8.0_91\jre\bin\verify.dll
0x0000000060260000 - 0x0000000060289000 	C:\Program Files\Java\jdk1.8.0_91\jre\bin\java.dll
0x0000000060240000 - 0x0000000060256000 	C:\Program Files\Java\jdk1.8.0_91\jre\bin\zip.dll
0x000007fefdbc0000 - 0x000007fefe94c000 	C:\Windows\system32\SHELL32.dll
0x000007feff310000 - 0x000007feff513000 	C:\Windows\system32\ole32.dll
0x000007fefd710000 - 0x000007fefd71f000 	C:\Windows\system32\profapi.dll

VM Arguments:
jvm_args: -Djava.awt.headless=true -Xmx1024M -Dfile.encoding=x-windows-949 -Duser.country=KR -Duser.language=ko -Duser.variant 
java_command: com.android.dx.command.Main --dex --force-jumbo --num-threads=4 --multi-dex --output C:\evening_android\BoardApp\app\build\intermediates\transforms\dex\debug\folders\1000\5\slice_1 C:\evening_android\BoardApp\app\build\intermediates\transforms\instantRunSlicer\debug\folders\1\5\slice_1
java_class_path (initial): C:\Users\Administrator\AppData\Local\Android\Sdk\build-tools\23.0.3\lib\dx.jar
Launcher Type: SUN_STANDARD

Environment Variables:
JAVA_HOME=C:\Program Files\Java\jdk1.8.0_91
PATH=C:\oraclexe\app\oracle\product\11.2.0\server\bin;;C:\ProgramData\Oracle\Java\javapath;C:\Windows\system32;C:\Windows;C:\Windows\System32\Wbem;C:\Windows\System32\WindowsPowerShell\v1.0\;C:\Program Files\SCMateClientPro\Shield;C:\Program Files\Java\jdk1.8.0_91\bin;C:\Program Files\Java\jdk1.8.0_91\bin;C:\Program Files (x86)\MySQL\MySQL Fabric 1.5.4 & MySQL Utilities 1.5.4 1.5\;C:\Program Files (x86)\MySQL\MySQL Fabric 1.5.4 & MySQL Utilities 1.5.4 1.5\Doctrine extensions for PHP\;C:\Program Files\MySQL\MySQL Server 5.5\bin;C:\Program Files\Git\cmd
USERNAME=Administrator
OS=Windows_NT
PROCESSOR_IDENTIFIER=Intel64 Family 6 Model 60 Stepping 3, GenuineIntel



---------------  S Y S T E M  ---------------

OS: Windows 7 , 64 bit Build 7601 (6.1.7601.23418)

CPU:total 4 (4 cores per cpu, 1 threads per core) family 6 model 60 stepping 3, cmov, cx8, fxsr, mmx, sse, sse2, sse3, ssse3, sse4.1, sse4.2, popcnt, avx, avx2, aes, clmul, erms, lzcnt, tsc, tscinvbit, bmi1, bmi2

Memory: 4k page, physical 8033320k(926772k free), swap 10128612k(5816k free)

vm_info: Java HotSpot(TM) 64-Bit Server VM (25.91-b14) for windows-amd64 JRE (1.8.0_91-b14), built on Apr  1 2016 00:58:32 by "java_re" with MS VC++ 10.0 (VS2010)

time: Thu Jun 16 18:23:32 2016
elapsed time: 1 seconds (0d 0h 0m 1s)

